<?xml version="1.0" encoding="UTF-8"?>
<!-- Generated by org.testng.reporters.JUnitReportReporter -->
<testsuite hostname="XYZ" failures="0" tests="1" name="cucumberOptions.TestNGTestRunner" time="23.318" errors="0" timestamp="2024-03-12T23:23:50 IST" skipped="0">
  <testcase classname="cucumberOptions.TestNGTestRunner" name="runScenario" time="23.318"/>
</testsuite> <!-- cucumberOptions.TestNGTestRunner -->
